<?xml version="1.0" encoding="UTF-8"?>
<!-- Generated by org.testng.reporters.JUnitReportReporter -->
<testsuite hostname="DESKTOP-P0DJ7MS" failures="0" tests="3" name="testNG.Test1" time="0.043" errors="0" timestamp="2022-01-04T13:51:42 IST" skipped="0">
  <testcase classname="testNG.Test1" name="chats" time="0.006"/>
  <system-out>
    <![CDATA[chats]]>
  </system-out>
  <testcase classname="testNG.Test1" name="calls" time="0.033"/>
  <system-out>
    <![CDATA[calls]]>
  </system-out>
  <testcase classname="testNG.Test1" name="settings" time="0.004"/>
  <system-out>
    <![CDATA[settings]]>
  </system-out>
</testsuite> <!-- testNG.Test1 -->
